2023-12-04 15:54:59.947 [INFO ] [restartedMain] com.study.SpringstudyApplication : Starting SpringstudyApplication using Java 17.0.6 with PID 21808 (D:\workspace-sts\springstudy\target\classes started by P088454 in D:\workspace-sts\springstudy)
2023-12-04 15:54:59.947 [INFO ] [restartedMain] com.study.SpringstudyApplication : No active profile set, falling back to 1 default profile: "default"
2023-12-04 15:55:00.061 [INFO ] [restartedMain] org.springframework.data.repository.config.RepositoryConfigurationDelegate : Bootstrapping Spring Data JPA repositories in DEFAULT mode.
2023-12-04 15:55:00.067 [INFO ] [restartedMain] org.springframework.data.repository.config.RepositoryConfigurationDelegate : Finished Spring Data repository scanning in 4 ms. Found 1 JPA repository interfaces.
2023-12-04 15:55:00.110 [INFO ] [restartedMain] org.springframework.boot.web.embedded.tomcat.TomcatWebServer : Tomcat initialized with port(s): 8081 (http)
2023-12-04 15:55:00.110 [INFO ] [restartedMain] org.apache.coyote.http11.Http11NioProtocol : Initializing ProtocolHandler ["http-nio-8081"]
2023-12-04 15:55:00.110 [INFO ] [restartedMain] org.apache.catalina.core.StandardService : Starting service [Tomcat]
2023-12-04 15:55:00.110 [INFO ] [restartedMain] org.apache.catalina.core.StandardEngine : Starting Servlet engine: [Apache Tomcat/10.1.15]
2023-12-04 15:55:00.126 [INFO ] [restartedMain] org.apache.catalina.core.ContainerBase.[Tomcat].[localhost].[/] : Initializing Spring embedded WebApplicationContext
2023-12-04 15:55:00.127 [INFO ] [restartedMain] org.springframework.boot.web.servlet.context.ServletWebServerApplicationContext : Root WebApplicationContext: initialization completed in 178 ms
2023-12-04 15:55:00.151 [INFO ] [restartedMain] org.hibernate.jpa.internal.util.LogHelper : HHH000204: Processing PersistenceUnitInfo [name: default]
2023-12-04 15:55:00.155 [INFO ] [restartedMain] org.springframework.orm.jpa.persistenceunit.SpringPersistenceUnitInfo : No LoadTimeWeaver setup: ignoring JPA class transformer
2023-12-04 15:55:00.156 [INFO ] [restartedMain] com.zaxxer.hikari.HikariDataSource : HikariPool-2 - Starting...
2023-12-04 15:55:00.158 [INFO ] [restartedMain] com.zaxxer.hikari.pool.HikariPool : HikariPool-2 - Added connection org.mariadb.jdbc.Connection@210c2603
2023-12-04 15:55:00.159 [INFO ] [restartedMain] com.zaxxer.hikari.HikariDataSource : HikariPool-2 - Start completed.
2023-12-04 15:55:00.174 [INFO ] [restartedMain] org.hibernate.engine.transaction.jta.platform.internal.JtaPlatformInitiator : HHH000489: No JTA platform available (set 'hibernate.transaction.jta.platform' to enable JTA platform integration)
2023-12-04 15:55:00.189 [INFO ] [restartedMain] org.springframework.orm.jpa.LocalContainerEntityManagerFactoryBean : Initialized JPA EntityManagerFactory for persistence unit 'default'
2023-12-04 15:55:00.230 [WARN ] [restartedMain] org.springframework.boot.autoconfigure.orm.jpa.JpaBaseConfiguration$JpaWebConfiguration : spring.jpa.open-in-view is enabled by default. Therefore, database queries may be performed during view rendering. Explicitly configure spring.jpa.open-in-view to disable this warning
2023-12-04 15:55:00.252 [INFO ] [restartedMain] org.springframework.boot.autoconfigure.web.servlet.WelcomePageHandlerMapping : Adding welcome page: class path resource [static/index.html]
2023-12-04 15:55:00.286 [INFO ] [restartedMain] org.springframework.boot.devtools.autoconfigure.OptionalLiveReloadServer : LiveReload server is running on port 35729
2023-12-04 15:55:00.290 [INFO ] [restartedMain] org.apache.coyote.http11.Http11NioProtocol : Starting ProtocolHandler ["http-nio-8081"]
2023-12-04 15:55:00.293 [INFO ] [restartedMain] org.springframework.boot.web.embedded.tomcat.TomcatWebServer : Tomcat started on port(s): 8081 (http) with context path ''
2023-12-04 15:55:00.295 [INFO ] [restartedMain] com.study.SpringstudyApplication : Started SpringstudyApplication in 0.371 seconds (process running for 41.439)
2023-12-04 15:55:00.297 [INFO ] [restartedMain] org.springframework.boot.devtools.autoconfigure.ConditionEvaluationDeltaLoggingListener : Condition evaluation unchanged
2023-12-04 15:55:02.260 [INFO ] [http-nio-8081-exec-1] org.apache.catalina.core.ContainerBase.[Tomcat].[localhost].[/] : Initializing Spring DispatcherServlet 'dispatcherServlet'
2023-12-04 15:55:02.260 [INFO ] [http-nio-8081-exec-1] org.springframework.web.servlet.DispatcherServlet : Initializing Servlet 'dispatcherServlet'
2023-12-04 15:55:02.260 [INFO ] [http-nio-8081-exec-1] org.springframework.web.servlet.DispatcherServlet : Completed initialization in 0 ms
2023-12-04 15:55:02.261 [INFO ] [http-nio-8081-exec-1] com.study.around.controller.LogBackController : logger, info
2023-12-04 15:55:02.261 [WARN ] [http-nio-8081-exec-1] com.study.around.controller.LogBackController : logger, warn
2023-12-04 15:55:02.262 [ERROR] [http-nio-8081-exec-1] com.study.around.controller.LogBackController : logger, error
2023-12-04 15:58:34.441 [INFO ] [File Watcher] org.springframework.boot.devtools.autoconfigure.LocalDevToolsAutoConfiguration$RestartingClassPathChangeChangedEventListener : Restarting due to 1 class path change (0 additions, 0 deletions, 1 modification)
2023-12-04 15:58:34.449 [INFO ] [Thread-7] org.apache.coyote.http11.Http11NioProtocol : Pausing ProtocolHandler ["http-nio-8081"]
2023-12-04 15:58:34.449 [INFO ] [Thread-7] org.apache.catalina.core.StandardService : Stopping service [Tomcat]
2023-12-04 15:58:34.449 [INFO ] [Thread-7] org.apache.catalina.core.ContainerBase.[Tomcat].[localhost].[/] : Destroying Spring FrameworkServlet 'dispatcherServlet'
2023-12-04 15:58:34.451 [INFO ] [Thread-7] org.apache.coyote.http11.Http11NioProtocol : Stopping ProtocolHandler ["http-nio-8081"]
2023-12-04 15:58:34.452 [INFO ] [Thread-7] org.apache.coyote.http11.Http11NioProtocol : Destroying ProtocolHandler ["http-nio-8081"]
2023-12-04 15:58:34.453 [INFO ] [Thread-7] org.springframework.orm.jpa.LocalContainerEntityManagerFactoryBean : Closing JPA EntityManagerFactory for persistence unit 'default'
2023-12-04 15:58:34.453 [INFO ] [Thread-7] com.zaxxer.hikari.HikariDataSource : HikariPool-2 - Shutdown initiated...
2023-12-04 15:58:34.455 [INFO ] [Thread-7] com.zaxxer.hikari.HikariDataSource : HikariPool-2 - Shutdown completed.
2023-12-04 15:58:34.513 [INFO ] [restartedMain] com.study.SpringstudyApplication : Starting SpringstudyApplication using Java 17.0.6 with PID 21808 (D:\workspace-sts\springstudy\target\classes started by P088454 in D:\workspace-sts\springstudy)
2023-12-04 15:58:34.513 [INFO ] [restartedMain] com.study.SpringstudyApplication : No active profile set, falling back to 1 default profile: "default"
2023-12-04 15:58:34.649 [INFO ] [restartedMain] org.springframework.data.repository.config.RepositoryConfigurationDelegate : Bootstrapping Spring Data JPA repositories in DEFAULT mode.
2023-12-04 15:58:34.656 [INFO ] [restartedMain] org.springframework.data.repository.config.RepositoryConfigurationDelegate : Finished Spring Data repository scanning in 6 ms. Found 1 JPA repository interfaces.
2023-12-04 15:58:34.717 [INFO ] [restartedMain] org.springframework.boot.web.embedded.tomcat.TomcatWebServer : Tomcat initialized with port(s): 8081 (http)
2023-12-04 15:58:34.717 [INFO ] [restartedMain] org.apache.coyote.http11.Http11NioProtocol : Initializing ProtocolHandler ["http-nio-8081"]
2023-12-04 15:58:34.717 [INFO ] [restartedMain] org.apache.catalina.core.StandardService : Starting service [Tomcat]
2023-12-04 15:58:34.717 [INFO ] [restartedMain] org.apache.catalina.core.StandardEngine : Starting Servlet engine: [Apache Tomcat/10.1.15]
2023-12-04 15:58:34.728 [INFO ] [restartedMain] org.apache.catalina.core.ContainerBase.[Tomcat].[localhost].[/] : Initializing Spring embedded WebApplicationContext
2023-12-04 15:58:34.728 [INFO ] [restartedMain] org.springframework.boot.web.servlet.context.ServletWebServerApplicationContext : Root WebApplicationContext: initialization completed in 212 ms
2023-12-04 15:58:34.748 [INFO ] [restartedMain] org.hibernate.jpa.internal.util.LogHelper : HHH000204: Processing PersistenceUnitInfo [name: default]
2023-12-04 15:58:34.754 [INFO ] [restartedMain] org.springframework.orm.jpa.persistenceunit.SpringPersistenceUnitInfo : No LoadTimeWeaver setup: ignoring JPA class transformer
2023-12-04 15:58:34.755 [INFO ] [restartedMain] com.zaxxer.hikari.HikariDataSource : HikariPool-3 - Starting...
2023-12-04 15:58:34.759 [INFO ] [restartedMain] com.zaxxer.hikari.pool.HikariPool : HikariPool-3 - Added connection org.mariadb.jdbc.Connection@44c54408
2023-12-04 15:58:34.759 [INFO ] [restartedMain] com.zaxxer.hikari.HikariDataSource : HikariPool-3 - Start completed.
2023-12-04 15:58:34.778 [INFO ] [restartedMain] org.hibernate.engine.transaction.jta.platform.internal.JtaPlatformInitiator : HHH000489: No JTA platform available (set 'hibernate.transaction.jta.platform' to enable JTA platform integration)
2023-12-04 15:58:34.798 [INFO ] [restartedMain] org.springframework.orm.jpa.LocalContainerEntityManagerFactoryBean : Initialized JPA EntityManagerFactory for persistence unit 'default'
2023-12-04 15:58:34.869 [WARN ] [restartedMain] org.springframework.boot.autoconfigure.orm.jpa.JpaBaseConfiguration$JpaWebConfiguration : spring.jpa.open-in-view is enabled by default. Therefore, database queries may be performed during view rendering. Explicitly configure spring.jpa.open-in-view to disable this warning
2023-12-04 15:58:34.895 [INFO ] [restartedMain] org.springframework.boot.autoconfigure.web.servlet.WelcomePageHandlerMapping : Adding welcome page: class path resource [static/index.html]
2023-12-04 15:58:34.941 [INFO ] [restartedMain] org.springframework.boot.devtools.autoconfigure.OptionalLiveReloadServer : LiveReload server is running on port 35729
2023-12-04 15:58:34.950 [INFO ] [restartedMain] org.apache.coyote.http11.Http11NioProtocol : Starting ProtocolHandler ["http-nio-8081"]
2023-12-04 15:58:34.952 [INFO ] [restartedMain] org.springframework.boot.web.embedded.tomcat.TomcatWebServer : Tomcat started on port(s): 8081 (http) with context path ''
2023-12-04 15:58:34.956 [INFO ] [restartedMain] com.study.SpringstudyApplication : Started SpringstudyApplication in 0.471 seconds (process running for 256.098)
2023-12-04 15:58:34.958 [INFO ] [restartedMain] org.springframework.boot.devtools.autoconfigure.ConditionEvaluationDeltaLoggingListener : Condition evaluation unchanged
2023-12-04 16:02:46.468 [INFO ] [File Watcher] org.springframework.boot.devtools.autoconfigure.LocalDevToolsAutoConfiguration$RestartingClassPathChangeChangedEventListener : Restarting due to 1 class path change (0 additions, 0 deletions, 1 modification)
2023-12-04 16:02:46.481 [INFO ] [Thread-11] org.apache.coyote.http11.Http11NioProtocol : Pausing ProtocolHandler ["http-nio-8081"]
2023-12-04 16:02:46.482 [INFO ] [Thread-11] org.apache.catalina.core.StandardService : Stopping service [Tomcat]
2023-12-04 16:02:46.483 [INFO ] [Thread-11] org.apache.coyote.http11.Http11NioProtocol : Stopping ProtocolHandler ["http-nio-8081"]
2023-12-04 16:02:46.484 [INFO ] [Thread-11] org.apache.coyote.http11.Http11NioProtocol : Destroying ProtocolHandler ["http-nio-8081"]
2023-12-04 16:02:46.486 [INFO ] [Thread-11] org.springframework.orm.jpa.LocalContainerEntityManagerFactoryBean : Closing JPA EntityManagerFactory for persistence unit 'default'
2023-12-04 16:02:46.486 [INFO ] [Thread-11] com.zaxxer.hikari.HikariDataSource : HikariPool-3 - Shutdown initiated...
2023-12-04 16:02:46.489 [INFO ] [Thread-11] com.zaxxer.hikari.HikariDataSource : HikariPool-3 - Shutdown completed.
2023-12-04 16:02:46.539 [INFO ] [restartedMain] com.study.SpringstudyApplication : Starting SpringstudyApplication using Java 17.0.6 with PID 21808 (D:\workspace-sts\springstudy\target\classes started by P088454 in D:\workspace-sts\springstudy)
2023-12-04 16:02:46.539 [INFO ] [restartedMain] com.study.SpringstudyApplication : No active profile set, falling back to 1 default profile: "default"
2023-12-04 16:02:46.647 [INFO ] [restartedMain] org.springframework.data.repository.config.RepositoryConfigurationDelegate : Bootstrapping Spring Data JPA repositories in DEFAULT mode.
2023-12-04 16:02:46.651 [INFO ] [restartedMain] org.springframework.data.repository.config.RepositoryConfigurationDelegate : Finished Spring Data repository scanning in 4 ms. Found 1 JPA repository interfaces.
2023-12-04 16:02:46.706 [INFO ] [restartedMain] org.springframework.boot.web.embedded.tomcat.TomcatWebServer : Tomcat initialized with port(s): 8081 (http)
2023-12-04 16:02:46.707 [INFO ] [restartedMain] org.apache.coyote.http11.Http11NioProtocol : Initializing ProtocolHandler ["http-nio-8081"]
2023-12-04 16:02:46.707 [INFO ] [restartedMain] org.apache.catalina.core.StandardService : Starting service [Tomcat]
2023-12-04 16:02:46.707 [INFO ] [restartedMain] org.apache.catalina.core.StandardEngine : Starting Servlet engine: [Apache Tomcat/10.1.15]
2023-12-04 16:02:46.717 [INFO ] [restartedMain] org.apache.catalina.core.ContainerBase.[Tomcat].[localhost].[/] : Initializing Spring embedded WebApplicationContext
2023-12-04 16:02:46.718 [INFO ] [restartedMain] org.springframework.boot.web.servlet.context.ServletWebServerApplicationContext : Root WebApplicationContext: initialization completed in 177 ms
2023-12-04 16:02:46.745 [INFO ] [restartedMain] org.hibernate.jpa.internal.util.LogHelper : HHH000204: Processing PersistenceUnitInfo [name: default]
2023-12-04 16:02:46.750 [INFO ] [restartedMain] org.springframework.orm.jpa.persistenceunit.SpringPersistenceUnitInfo : No LoadTimeWeaver setup: ignoring JPA class transformer
2023-12-04 16:02:46.750 [INFO ] [restartedMain] com.zaxxer.hikari.HikariDataSource : HikariPool-4 - Starting...
2023-12-04 16:02:46.753 [INFO ] [restartedMain] com.zaxxer.hikari.pool.HikariPool : HikariPool-4 - Added connection org.mariadb.jdbc.Connection@5627987c
2023-12-04 16:02:46.754 [INFO ] [restartedMain] com.zaxxer.hikari.HikariDataSource : HikariPool-4 - Start completed.
2023-12-04 16:02:46.771 [INFO ] [restartedMain] org.hibernate.engine.transaction.jta.platform.internal.JtaPlatformInitiator : HHH000489: No JTA platform available (set 'hibernate.transaction.jta.platform' to enable JTA platform integration)
2023-12-04 16:02:46.787 [INFO ] [restartedMain] org.springframework.orm.jpa.LocalContainerEntityManagerFactoryBean : Initialized JPA EntityManagerFactory for persistence unit 'default'
2023-12-04 16:02:46.838 [WARN ] [restartedMain] org.springframework.boot.autoconfigure.orm.jpa.JpaBaseConfiguration$JpaWebConfiguration : spring.jpa.open-in-view is enabled by default. Therefore, database queries may be performed during view rendering. Explicitly configure spring.jpa.open-in-view to disable this warning
2023-12-04 16:02:46.863 [INFO ] [restartedMain] org.springframework.boot.autoconfigure.web.servlet.WelcomePageHandlerMapping : Adding welcome page: class path resource [static/index.html]
2023-12-04 16:02:46.912 [INFO ] [restartedMain] org.springframework.boot.devtools.autoconfigure.OptionalLiveReloadServer : LiveReload server is running on port 35729
2023-12-04 16:02:46.917 [INFO ] [restartedMain] org.apache.coyote.http11.Http11NioProtocol : Starting ProtocolHandler ["http-nio-8081"]
2023-12-04 16:02:46.919 [INFO ] [restartedMain] org.springframework.boot.web.embedded.tomcat.TomcatWebServer : Tomcat started on port(s): 8081 (http) with context path ''
2023-12-04 16:02:46.922 [INFO ] [restartedMain] com.study.SpringstudyApplication : Started SpringstudyApplication in 0.406 seconds (process running for 508.061)
2023-12-04 16:02:46.923 [INFO ] [restartedMain] org.springframework.boot.devtools.autoconfigure.ConditionEvaluationDeltaLoggingListener : Condition evaluation unchanged
2023-12-04 16:02:56.386 [INFO ] [http-nio-8081-exec-1] org.apache.catalina.core.ContainerBase.[Tomcat].[localhost].[/] : Initializing Spring DispatcherServlet 'dispatcherServlet'
2023-12-04 16:02:56.386 [INFO ] [http-nio-8081-exec-1] org.springframework.web.servlet.DispatcherServlet : Initializing Servlet 'dispatcherServlet'
2023-12-04 16:02:56.387 [INFO ] [http-nio-8081-exec-1] org.springframework.web.servlet.DispatcherServlet : Completed initialization in 1 ms
2023-12-04 16:02:56.388 [INFO ] [http-nio-8081-exec-1] com.study.around.controller.LogBackController : logger, info
2023-12-04 16:02:56.388 [WARN ] [http-nio-8081-exec-1] com.study.around.controller.LogBackController : logger, warn
2023-12-04 16:02:56.388 [ERROR] [http-nio-8081-exec-1] com.study.around.controller.LogBackController : logger, error
2023-12-04 17:11:39.592 [INFO ] [RMI TCP Connection(111)-127.0.0.1] org.springframework.boot.admin.SpringApplicationAdminMXBeanRegistrar$SpringApplicationAdmin : Application shutdown requested.
2023-12-04 17:11:39.601 [INFO ] [RMI TCP Connection(111)-127.0.0.1] org.apache.coyote.http11.Http11NioProtocol : Pausing ProtocolHandler ["http-nio-8081"]
2023-12-04 17:11:39.601 [INFO ] [RMI TCP Connection(111)-127.0.0.1] org.apache.catalina.core.StandardService : Stopping service [Tomcat]
2023-12-04 17:11:39.602 [INFO ] [RMI TCP Connection(111)-127.0.0.1] org.apache.catalina.core.ContainerBase.[Tomcat].[localhost].[/] : Destroying Spring FrameworkServlet 'dispatcherServlet'
2023-12-04 17:11:39.603 [INFO ] [RMI TCP Connection(111)-127.0.0.1] org.apache.coyote.http11.Http11NioProtocol : Stopping ProtocolHandler ["http-nio-8081"]
2023-12-04 17:11:39.605 [INFO ] [RMI TCP Connection(111)-127.0.0.1] org.apache.coyote.http11.Http11NioProtocol : Destroying ProtocolHandler ["http-nio-8081"]
2023-12-04 17:11:39.606 [INFO ] [RMI TCP Connection(111)-127.0.0.1] org.springframework.orm.jpa.LocalContainerEntityManagerFactoryBean : Closing JPA EntityManagerFactory for persistence unit 'default'
2023-12-04 17:11:39.607 [INFO ] [RMI TCP Connection(111)-127.0.0.1] com.zaxxer.hikari.HikariDataSource : HikariPool-4 - Shutdown initiated...
2023-12-04 17:11:39.609 [INFO ] [RMI TCP Connection(111)-127.0.0.1] com.zaxxer.hikari.HikariDataSource : HikariPool-4 - Shutdown completed.
